<?xml version="1.0" encoding="UTF-8"?>
<!-- Generated by org.testng.reporters.JUnitReportReporter -->
<testsuite hostname="DESKTOP-0BUI7PV" failures="0" tests="3" name="LoginDemoExcel.Login" time="31.048" errors="0" timestamp="2023-09-25T19:13:58 IST" skipped="0">
  <testcase classname="LoginDemoExcel.Login" name="iNavigateToGmailLoginPage" time="25.666"/>
  <testcase classname="LoginDemoExcel.Login" name="iEnterGmailUsernameAndPasswordFromExcel" time="2.777"/>
  <testcase classname="LoginDemoExcel.Login" name="iClickGmailLoginButton" time="2.605"/>
</testsuite> <!-- LoginDemoExcel.Login -->
